<?xml version="1.0" encoding="UTF-8"?>
<!-- Generated by org.testng.reporters.JUnitXMLReporter -->
<testsuite hostname="DESKTOP-47ONG9K" ignored="0" name="ReportNGtest1" tests="44" failures="3" timestamp="31 Dec 2018 20:04:48 GMT" time="298.735" errors="0">
  <testcase name="testcase01" time="1.288" classname="com.Catalog.qa.testcases.LoginTestcase">
    <failure type="java.lang.AssertionError" message="expected [Welcome, Please Sign In] but found [Welcome to iBusiness]">
      <![CDATA[java.lang.AssertionError: expected [Welcome, Please Sign In] but found [Welcome to iBusiness]
at com.Catalog.qa.pages.Homepage.verifyHeader(Homepage.java:51)
at com.Catalog.qa.testcases.LoginTestcase.testcase01(LoginTestcase.java:48)
... Removed 31 stack frames]]>
    </failure>
  </testcase> <!-- testcase01 -->
  <testcase name="testcase01" time="1.291" classname="com.Catalog.qa.testcases.LoginTestcase">
    <failure type="java.lang.AssertionError" message="expected [Welcome, Please Sign In] but found [Welcome to iBusiness]">
      <![CDATA[java.lang.AssertionError: expected [Welcome, Please Sign In] but found [Welcome to iBusiness]
at com.Catalog.qa.pages.Homepage.verifyHeader(Homepage.java:51)
at com.Catalog.qa.testcases.LoginTestcase.testcase01(LoginTestcase.java:48)
... Removed 31 stack frames]]>
    </failure>
  </testcase> <!-- testcase01 -->
  <testcase name="testcase01" time="1.593" classname="com.Catalog.qa.testcases.LoginTestcase"/>
  <testcase name="testcase02" time="2.732" classname="com.Catalog.qa.testcases.LoginTestcase"/>
  <testcase name="testcase02" time="2.428" classname="com.Catalog.qa.testcases.LoginTestcase"/>
  <testcase name="testcase02" time="2.471" classname="com.Catalog.qa.testcases.LoginTestcase"/>
  <testcase name="testcase02" time="2.324" classname="com.Catalog.qa.testcases.LoginTestcase"/>
  <testcase name="testcase02" time="2.271" classname="com.Catalog.qa.testcases.LoginTestcase"/>
  <testcase name="testcase02" time="2.274" classname="com.Catalog.qa.testcases.LoginTestcase"/>
  <testcase name="testcase02" time="2.438" classname="com.Catalog.qa.testcases.LoginTestcase"/>
  <testcase name="testcase02" time="2.134" classname="com.Catalog.qa.testcases.LoginTestcase"/>
  <testcase name="testcase02" time="2.185" classname="com.Catalog.qa.testcases.LoginTestcase"/>
  <testcase name="testcase02" time="2.373" classname="com.Catalog.qa.testcases.LoginTestcase"/>
  <testcase name="testcase02" time="2.219" classname="com.Catalog.qa.testcases.LoginTestcase"/>
  <testcase name="testcase02" time="2.572" classname="com.Catalog.qa.testcases.LoginTestcase"/>
  <testcase name="testcase02" time="2.242" classname="com.Catalog.qa.testcases.LoginTestcase"/>
  <testcase name="testcase02" time="2.389" classname="com.Catalog.qa.testcases.LoginTestcase"/>
  <testcase name="testcase02" time="2.088" classname="com.Catalog.qa.testcases.LoginTestcase"/>
  <testcase name="testcase02" time="2.004" classname="com.Catalog.qa.testcases.LoginTestcase"/>
  <testcase name="testcase02" time="2.062" classname="com.Catalog.qa.testcases.LoginTestcase"/>
  <testcase name="testcase02" time="1.95" classname="com.Catalog.qa.testcases.LoginTestcase"/>
  <testcase name="testcase02" time="2.068" classname="com.Catalog.qa.testcases.LoginTestcase"/>
  <testcase name="testcase02" time="2.143" classname="com.Catalog.qa.testcases.LoginTestcase"/>
  <testcase name="testcase02" time="2.187" classname="com.Catalog.qa.testcases.LoginTestcase"/>
  <testcase name="testcase02" time="1.969" classname="com.Catalog.qa.testcases.LoginTestcase"/>
  <testcase name="testcase02" time="2.126" classname="com.Catalog.qa.testcases.LoginTestcase"/>
  <testcase name="testcase02" time="2.154" classname="com.Catalog.qa.testcases.LoginTestcase"/>
  <testcase name="testcase02" time="2.229" classname="com.Catalog.qa.testcases.LoginTestcase"/>
  <testcase name="testcase02" time="2.256" classname="com.Catalog.qa.testcases.LoginTestcase"/>
  <testcase name="testcase02" time="2.456" classname="com.Catalog.qa.testcases.LoginTestcase"/>
  <testcase name="testcase02" time="1.97" classname="com.Catalog.qa.testcases.LoginTestcase"/>
  <testcase name="testcase02" time="2.027" classname="com.Catalog.qa.testcases.LoginTestcase"/>
  <testcase name="testcase02" time="1.995" classname="com.Catalog.qa.testcases.LoginTestcase"/>
  <testcase name="testcase03" time="2.504" classname="com.Catalog.qa.testcases.LoginTestcase"/>
  <testcase name="testcase04" time="1.351" classname="com.Catalog.qa.testcases.LoginTestcase"/>
  <testcase name="testcase05" time="1.398" classname="com.Catalog.qa.testcases.LoginTestcase"/>
  <testcase name="testcase06" time="1.483" classname="com.Catalog.qa.testcases.LoginTestcase"/>
  <testcase name="testcase07" time="1.648" classname="com.Catalog.qa.testcases.LoginTestcase"/>
  <testcase name="testcase08" time="1.348" classname="com.Catalog.qa.testcases.LoginTestcase"/>
  <testcase name="testcase09" time="1.485" classname="com.Catalog.qa.testcases.LoginTestcase"/>
  <testcase name="testcase10" time="1.381" classname="com.Catalog.qa.testcases.LoginTestcase"/>
  <testcase name="testcase11" time="0.091" classname="com.Catalog.qa.testcases.LoginTestcase">
    <failure type="java.lang.AssertionError" message="expected [] but found [Oscommerce]">
      <![CDATA[java.lang.AssertionError: expected [] but found [Oscommerce]
at com.Catalog.qa.pages.CheckHomepage.verifylogo(CheckHomepage.java:78)
at com.Catalog.qa.testcases.LoginTestcase.testcase11(LoginTestcase.java:153)
... Removed 31 stack frames]]>
    </failure>
  </testcase> <!-- testcase11 -->
  <testcase name="testcase12" time="1.545" classname="com.Catalog.qa.testcases.LoginTestcase"/>
  <testcase name="testcase13" time="2.838" classname="com.Catalog.qa.testcases.LoginTestcase"/>
</testsuite> <!-- ReportNGtest1 -->
